0 info it worked if it ends with ok
1 verbose cli [ 'node', '/usr/bin/npm', 'install', 'cookeParser' ]
2 info using npm@1.3.6
3 info using node@v0.10.30
4 verbose cache add [ 'cookeParser', null ]
5 verbose cache add name=undefined spec="cookeParser" args=["cookeParser",null]
6 verbose parsed url { protocol: null,
6 verbose parsed url   slashes: null,
6 verbose parsed url   auth: null,
6 verbose parsed url   host: null,
6 verbose parsed url   port: null,
6 verbose parsed url   hostname: null,
6 verbose parsed url   hash: null,
6 verbose parsed url   search: null,
6 verbose parsed url   query: null,
6 verbose parsed url   pathname: 'cookeParser',
6 verbose parsed url   path: 'cookeParser',
6 verbose parsed url   href: 'cookeParser' }
7 silly lockFile fc40b33f-cookeParser cookeParser
8 verbose lock cookeParser /home/kwu96/.npm/fc40b33f-cookeParser.lock
9 silly lockFile fc40b33f-cookeParser cookeParser
10 silly lockFile fc40b33f-cookeParser cookeParser
11 verbose addNamed [ 'cookeParser', '' ]
12 verbose addNamed [ null, '*' ]
13 silly lockFile 9d9ea133-cookeParser cookeParser@
14 verbose lock cookeParser@ /home/kwu96/.npm/9d9ea133-cookeParser.lock
15 silly addNameRange { name: 'cookeParser', range: '*', hasData: false }
16 verbose url raw cookeParser
17 verbose url resolving [ 'https://registry.npmjs.org/', './cookeParser' ]
18 verbose url resolved https://registry.npmjs.org/cookeParser
19 info trying registry request attempt 1 at 12:52:00
20 http GET https://registry.npmjs.org/cookeParser
21 http 404 https://registry.npmjs.org/cookeParser
22 silly registry.get cb [ 404,
22 silly registry.get   { date: 'Thu, 11 Sep 2014 17:52:10 GMT',
22 silly registry.get     server: 'CouchDB/1.5.0 (Erlang OTP/R16B03)',
22 silly registry.get     'content-type': 'application/json',
22 silly registry.get     'cache-control': 'max-age=0',
22 silly registry.get     'content-length': '52',
22 silly registry.get     'accept-ranges': 'bytes',
22 silly registry.get     via: '1.1 varnish',
22 silly registry.get     age: '0',
22 silly registry.get     'x-served-by': 'cache-dfw1827-DFW',
22 silly registry.get     'x-cache': 'MISS',
22 silly registry.get     'x-cache-hits': '0',
22 silly registry.get     'x-timer': 'S1410457929.843908,VS0,VE255',
22 silly registry.get     'keep-alive': 'timeout=10, max=50',
22 silly registry.get     connection: 'Keep-Alive' } ]
23 silly lockFile 9d9ea133-cookeParser cookeParser@
24 silly lockFile 9d9ea133-cookeParser cookeParser@
25 error 404 'cookeParser' is not in the npm registry.
25 error 404 You should bug the author to publish it
25 error 404
25 error 404 Note that you can also install from a
25 error 404 tarball, folder, or http url, or git url.
26 error System Linux 3.15.10-200.fc20.x86_64
27 error command "node" "/usr/bin/npm" "install" "cookeParser"
28 error cwd /home/kwu96/581/lab3/lab2
29 error node -v v0.10.30
30 error npm -v 1.3.6
31 error code E404
32 verbose exit [ 1, true ]
